-------------------------------------------------------------------------------
Test set: edu.whitman.MenuItemTest
-------------------------------------------------------------------------------
Tests run: 10, Failures: 10, Errors: 0, Skipped: 0, Time elapsed: 0.071 s <<< FAILURE! - in edu.whitman.MenuItemTest
edu.whitman.MenuItemTest.test_getCategory  Time elapsed: 0.036 s  <<< FAILURE!
org.opentest4j.AssertionFailedError: expected: <Poke Bowls> but was: <>
	at edu.whitman.MenuItemTest.test_getCategory(MenuItemTest.java:61)

edu.whitman.MenuItemTest.test_getName  Time elapsed: 0 s  <<< FAILURE!
org.opentest4j.AssertionFailedError: expected: <Small Poke Bowl> but was: <>
	at edu.whitman.MenuItemTest.test_getName(MenuItemTest.java:66)

edu.whitman.MenuItemTest.test_getPrice_0  Time elapsed: 0.001 s  <<< FAILURE!
org.opentest4j.AssertionFailedError: Expected java.lang.IllegalStateException to be thrown, but nothing was thrown.
	at edu.whitman.MenuItemTest.test_getPrice_0(MenuItemTest.java:49)

edu.whitman.MenuItemTest.test_getPrice_5  Time elapsed: 0.004 s  <<< FAILURE!
org.opentest4j.AssertionFailedError: Expected java.lang.IllegalStateException to be thrown, but nothing was thrown.
	at edu.whitman.MenuItemTest.test_getPrice_5(MenuItemTest.java:42)

edu.whitman.MenuItemTest.test_getPrice_6  Time elapsed: 0.004 s  <<< FAILURE!
org.opentest4j.AssertionFailedError: expected: <$10.49> but was: <>
	at edu.whitman.MenuItemTest.test_getPrice_6(MenuItemTest.java:37)

edu.whitman.MenuItemTest.test_getPrice_7  Time elapsed: 0.002 s  <<< FAILURE!
org.opentest4j.AssertionFailedError: expected: < $10.49> but was: <>
	at edu.whitman.MenuItemTest.test_getPrice_7(MenuItemTest.java:32)

edu.whitman.MenuItemTest.test_getPriceInCents  Time elapsed: 0.001 s  <<< FAILURE!
org.opentest4j.AssertionFailedError: expected: <1049> but was: <0>
	at edu.whitman.MenuItemTest.test_getPriceInCents(MenuItemTest.java:72)

edu.whitman.MenuItemTest.test_getPrice  Time elapsed: 0.001 s  <<< FAILURE!
org.opentest4j.AssertionFailedError: expected: <$10.49> but was: <>
	at edu.whitman.MenuItemTest.test_getPrice(MenuItemTest.java:20)

edu.whitman.MenuItemTest.test_getPrice_10  Time elapsed: 0.001 s  <<< FAILURE!
org.opentest4j.AssertionFailedError: expected: <    $10.49> but was: <>
	at edu.whitman.MenuItemTest.test_getPrice_10(MenuItemTest.java:26)

edu.whitman.MenuItemTest.test_toString  Time elapsed: 0 s  <<< FAILURE!
org.opentest4j.AssertionFailedError: expected: <Small Poke Bowl,1049,Poke Bowls> but was: <>
	at edu.whitman.MenuItemTest.test_toString(MenuItemTest.java:56)

