<?xml version="1.0" encoding="UTF-8"?>
<testsuite xmlns:xsi="http://www.w3.org/2001/XMLSchema-instance" xsi:noNamespaceSchemaLocation="https://maven.apache.org/surefire/maven-surefire-plugin/xsd/surefire-test-report-3.0.xsd" version="3.0" name="edu.whitman.MenuItemTest" time="0.071" tests="10" errors="0" skipped="0" failures="10">
  <properties>
[...]
</properties>
  <testcase name="test_getCategory" classname="edu.whitman.MenuItemTest" time="0.036">
    <failure type="org.opentest4j.AssertionFailedError"><![CDATA[org.opentest4j.AssertionFailedError: expected: <Poke Bowls> but was: <>
	at edu.whitman.MenuItemTest.test_getCategory(MenuItemTest.java:61)
]]></failure>
  </testcase>
  <testcase name="test_getName" classname="edu.whitman.MenuItemTest" time="0">
    <failure type="org.opentest4j.AssertionFailedError"><![CDATA[org.opentest4j.AssertionFailedError: expected: <Small Poke Bowl> but was: <>
	at edu.whitman.MenuItemTest.test_getName(MenuItemTest.java:66)
]]></failure>
  </testcase>
  <testcase name="test_getPrice_0" classname="edu.whitman.MenuItemTest" time="0.001">
    <failure type="org.opentest4j.AssertionFailedError"><![CDATA[org.opentest4j.AssertionFailedError: Expected java.lang.IllegalStateException to be thrown, but nothing was thrown.
	at edu.whitman.MenuItemTest.test_getPrice_0(MenuItemTest.java:49)
]]></failure>
  </testcase>
  <testcase name="test_getPrice_5" classname="edu.whitman.MenuItemTest" time="0.004">
    <failure type="org.opentest4j.AssertionFailedError"><![CDATA[org.opentest4j.AssertionFailedError: Expected java.lang.IllegalStateException to be thrown, but nothing was thrown.
	at edu.whitman.MenuItemTest.test_getPrice_5(MenuItemTest.java:42)
]]></failure>
  </testcase>
  <testcase name="test_getPrice_6" classname="edu.whitman.MenuItemTest" time="0.004">
    <failure type="org.opentest4j.AssertionFailedError"><![CDATA[org.opentest4j.AssertionFailedError: expected: <$10.49> but was: <>
	at edu.whitman.MenuItemTest.test_getPrice_6(MenuItemTest.java:37)
]]></failure>
  </testcase>
  <testcase name="test_getPrice_7" classname="edu.whitman.MenuItemTest" time="0.002">
    <failure type="org.opentest4j.AssertionFailedError"><![CDATA[org.opentest4j.AssertionFailedError: expected: < $10.49> but was: <>
	at edu.whitman.MenuItemTest.test_getPrice_7(MenuItemTest.java:32)
]]></failure>
  </testcase>
  <testcase name="test_getPriceInCents" classname="edu.whitman.MenuItemTest" time="0.001">
    <failure type="org.opentest4j.AssertionFailedError"><![CDATA[org.opentest4j.AssertionFailedError: expected: <1049> but was: <0>
	at edu.whitman.MenuItemTest.test_getPriceInCents(MenuItemTest.java:72)
]]></failure>
  </testcase>
  <testcase name="test_getPrice" classname="edu.whitman.MenuItemTest" time="0.001">
    <failure type="org.opentest4j.AssertionFailedError"><![CDATA[org.opentest4j.AssertionFailedError: expected: <$10.49> but was: <>
	at edu.whitman.MenuItemTest.test_getPrice(MenuItemTest.java:20)
]]></failure>
  </testcase>
  <testcase name="test_getPrice_10" classname="edu.whitman.MenuItemTest" time="0.001">
    <failure type="org.opentest4j.AssertionFailedError"><![CDATA[org.opentest4j.AssertionFailedError: expected: <    $10.49> but was: <>
	at edu.whitman.MenuItemTest.test_getPrice_10(MenuItemTest.java:26)
]]></failure>
  </testcase>
  <testcase name="test_toString" classname="edu.whitman.MenuItemTest" time="0">
    <failure type="org.opentest4j.AssertionFailedError"><![CDATA[org.opentest4j.AssertionFailedError: expected: <Small Poke Bowl,1049,Poke Bowls> but was: <>
	at edu.whitman.MenuItemTest.test_toString(MenuItemTest.java:56)
]]></failure>
  </testcase>
</testsuite>